11-22 23:16:03 com_github_MitjaNemec_PlaceFootprints.action_place_footprints 674:Plugin executed on: 'darwin'
11-22 23:16:03 com_github_MitjaNemec_PlaceFootprints.action_place_footprints 675:Plugin executed with python version: '3.9.13 (v3.9.13:6de2ca5339, May 17 2022, 11:37:23) \n[Clang 13.0.0 (clang-1300.0.29.30)]'
11-22 23:16:03 com_github_MitjaNemec_PlaceFootprints.action_place_footprints 676:KiCad build version: 9.0.6
11-22 23:16:03 com_github_MitjaNemec_PlaceFootprints.action_place_footprints 677:Plugin version: 4.0.1
11-22 23:16:03 com_github_MitjaNemec_PlaceFootprints.action_place_footprints 678:Frame repr: <wx._core.Frame object at 0x32dfa01f0>
11-22 23:16:03 com_github_MitjaNemec_PlaceFootprints.place_footprints 121:getting a list of all footprints on board
11-22 23:16:03 com_github_MitjaNemec_PlaceFootprints.action_place_footprints 717:Reference footprint='R35'
11-22 23:16:05 com_github_MitjaNemec_PlaceFootprints.action_place_footprints 94:By Sheet GUI initialized
11-22 23:16:05 com_github_MitjaNemec_PlaceFootprints.action_place_footprints 103:Ref fp:Footprint(ref='R35', fp=<pcbnew.FOOTPRINT; proxy of <Swig Object of type 'FOOTPRINT *' at 0x32eadc060> >, fp_id='E75B40FD-B3F7-4533-8D96-79CECD01C02B', sheet_id=['/VCF/'], filename=['vcf.kicad_sch'])
11-22 23:16:05 com_github_MitjaNemec_PlaceFootprints.action_place_footprints 104:Levels:['vcf.kicad_sch']
11-22 23:16:05 com_github_MitjaNemec_PlaceFootprints.action_place_footprints 106:Selecting: 1
11-22 23:16:05 com_github_MitjaNemec_PlaceFootprints.action_place_footprints 110:Should invoke level_changed()
11-22 23:16:05 com_github_MitjaNemec_PlaceFootprints.action_place_footprints 288:Level_changed() invoked
11-22 23:16:05 com_github_MitjaNemec_PlaceFootprints.action_place_footprints 291:self.ref_fp.sheet_id[index] = '/VCF/'
11-22 23:16:05 com_github_MitjaNemec_PlaceFootprints.action_place_footprints 292:self.ref_fp.sheet_id = ['/VCF/']
11-22 23:16:05 com_github_MitjaNemec_PlaceFootprints.place_footprints 284:constructing a list of sheets suitable for replication on level:'/VCF/', file:'vcf.kicad_sch'
11-22 23:16:05 com_github_MitjaNemec_PlaceFootprints.place_footprints 308:suitable sheets are:[]
11-22 23:16:05 com_github_MitjaNemec_PlaceFootprints.action_place_footprints 306:self.list_sheetsChoices: []
11-22 23:16:05 com_github_MitjaNemec_PlaceFootprints.action_place_footprints 309:fp.sheet_id: ['/VCF/']
11-22 23:16:05 com_github_MitjaNemec_PlaceFootprints.action_place_footprints 314:self.ref_list: []
11-22 23:16:08 com_github_MitjaNemec_PlaceFootprints.action_place_footprints 195:Saving config sheet
11-22 23:16:08 com_github_MitjaNemec_PlaceFootprints.action_place_footprints 220:Preparing config for sheet matrix
11-22 23:16:08 com_github_MitjaNemec_PlaceFootprints.action_place_footprints 227:Saving config file
11-22 23:16:08 com_github_MitjaNemec_PlaceFootprints.action_place_footprints 229:Saved the config file
11-22 23:16:08 com_github_MitjaNemec_PlaceFootprints.action_place_footprints 746:Sheets selected: []
11-22 23:16:08 com_github_MitjaNemec_PlaceFootprints.action_place_footprints 755:Footprints to place: ['R35']
11-22 23:16:08 com_github_MitjaNemec_PlaceFootprints.place_footprints 427:Starting placing with matrix layout
11-22 23:16:08 com_github_MitjaNemec_PlaceFootprints.action_place_footprints 828:Placing complete
